[04-Aug-2018 19:54:09 UTC] PHP Parse error:  syntax error, unexpected '\' (T_NS_SEPARATOR), expecting identifier (T_STRING) in Standard input code on line 10
[04-Aug-2018 19:54:19 UTC] PHP Parse error:  syntax error, unexpected '\' (T_NS_SEPARATOR), expecting identifier (T_STRING) in Standard input code on line 9
[04-Aug-2018 19:54:44 UTC] PHP Parse error:  syntax error, unexpected '\' (T_NS_SEPARATOR), expecting identifier (T_STRING) in Standard input code on line 11
[04-Aug-2018 19:54:56 UTC] PHP Parse error:  syntax error, unexpected '\' (T_NS_SEPARATOR), expecting identifier (T_STRING) in /home/splitlocked/ws/rapd/src/tests/entity/tests.php on line 11
[04-Aug-2018 19:55:38 UTC] PHP Parse error:  syntax error, unexpected '\' (T_NS_SEPARATOR), expecting identifier (T_STRING) in /home/splitlocked/ws/rapd/src/tests/entity/tests.php on line 11
[04-Aug-2018 19:56:06 UTC] PHP Parse error:  syntax error, unexpected '\' (T_NS_SEPARATOR), expecting identifier (T_STRING) in /home/splitlocked/ws/rapd/src/tests/entity/tests.php on line 13
[04-Aug-2018 19:56:50 UTC] PHP Parse error:  syntax error, unexpected '\' (T_NS_SEPARATOR), expecting identifier (T_STRING) in /home/splitlocked/ws/rapd/src/tests/entity/tests.php on line 13
[04-Aug-2018 19:57:43 UTC] PHP Parse error:  syntax error, unexpected '\' (T_NS_SEPARATOR), expecting identifier (T_STRING) in /home/splitlocked/ws/rapd/src/tests/entity/tests.php on line 16
[04-Aug-2018 20:01:01 UTC] PHP Fatal error:  Namespace declaration statement has to be the very first statement or after any declare call in the script in /home/splitlocked/ws/rapd/src/tests/entity/tests.php on line 18
[04-Aug-2018 20:01:40 UTC] PHP Fatal error:  Namespace declaration statement has to be the very first statement or after any declare call in the script in /home/splitlocked/ws/rapd/src/tests/entity/tests.php on line 14
[04-Aug-2018 20:01:53 UTC] PHP Fatal error:  Namespace declaration statement has to be the very first statement or after any declare call in the script in /home/splitlocked/ws/rapd/src/tests/entity/tests.php on line 10
[04-Aug-2018 20:01:59 UTC] PHP Fatal error:  Namespace declaration statement has to be the very first statement or after any declare call in the script in /home/splitlocked/ws/rapd/src/tests/entity/tests.php on line 7
[04-Aug-2018 20:02:02 UTC] PHP Fatal error:  No code may exist outside of namespace {} in /home/splitlocked/ws/rapd/src/tests/entity/tests.php on line 7
[04-Aug-2018 20:03:20 UTC] PHP Fatal error:  Class 'Rapd\BaseEntity' not found in /home/splitlocked/ws/rapd/src/tests/entity/testNamespace.php on line 7
[04-Aug-2018 20:07:52 UTC] PHP Fatal error:  Class 'Rapd\BaseEntity' not found in /home/splitlocked/ws/rapd/src/tests/run.php on line 7
[04-Aug-2018 20:22:48 UTC] PHP Parse error:  syntax error, unexpected ';' in /home/splitlocked/ws/rapd/src/Rapd/BaseEntity.php on line 69
[04-Aug-2018 20:23:02 UTC] PHP Parse error:  syntax error, unexpected ';' in /home/splitlocked/ws/rapd/src/Rapd/BaseEntity.php on line 69
[04-Aug-2018 20:24:30 UTC] PHP Parse error:  syntax error, unexpected ';' in /home/splitlocked/ws/rapd/src/Rapd/BaseEntity.php on line 69
[04-Aug-2018 20:25:33 UTC] PHP Parse error:  syntax error, unexpected ';' in /home/splitlocked/ws/rapd/src/Rapd/BaseEntity.php on line 69
[04-Aug-2018 20:25:40 UTC] PHP Parse error:  syntax error, unexpected ';' in /home/splitlocked/ws/rapd/src/Rapd/BaseEntity.php on line 69
[04-Aug-2018 20:26:16 UTC] PHP Parse error:  syntax error, unexpected ';' in /home/splitlocked/ws/rapd/src/Rapd/BaseEntity.php on line 69
[04-Aug-2018 20:26:21 UTC] PHP Notice:  Undefined variable: testsToRun in /home/splitlocked/ws/rapd/src/tests/run.php on line 21
[04-Aug-2018 20:26:21 UTC] PHP Warning:  array_merge(): Argument #1 is not an array in /home/splitlocked/ws/rapd/src/tests/run.php on line 21
[04-Aug-2018 20:26:21 UTC] PHP Notice:  Undefined variable: testsToRun in /home/splitlocked/ws/rapd/src/tests/run.php on line 21
[04-Aug-2018 20:26:21 UTC] PHP Warning:  array_merge(): Argument #1 is not an array in /home/splitlocked/ws/rapd/src/tests/run.php on line 21
[04-Aug-2018 20:26:21 UTC] PHP Notice:  Undefined variable: testsToRun in /home/splitlocked/ws/rapd/src/tests/run.php on line 21
[04-Aug-2018 20:26:21 UTC] PHP Warning:  array_merge(): Argument #1 is not an array in /home/splitlocked/ws/rapd/src/tests/run.php on line 21
[04-Aug-2018 20:26:21 UTC] PHP Notice:  Undefined variable: testsToRun in /home/splitlocked/ws/rapd/src/tests/run.php on line 21
[04-Aug-2018 20:26:21 UTC] PHP Warning:  array_merge(): Argument #1 is not an array in /home/splitlocked/ws/rapd/src/tests/run.php on line 21
[04-Aug-2018 20:26:21 UTC] PHP Notice:  Undefined variable: testsToRun in /home/splitlocked/ws/rapd/src/tests/run.php on line 21
[04-Aug-2018 20:26:21 UTC] PHP Warning:  array_merge(): Argument #1 is not an array in /home/splitlocked/ws/rapd/src/tests/run.php on line 21
[04-Aug-2018 20:26:21 UTC] PHP Notice:  Undefined variable: testsToRun in /home/splitlocked/ws/rapd/src/tests/run.php on line 21
[04-Aug-2018 20:26:21 UTC] PHP Warning:  array_merge(): Argument #1 is not an array in /home/splitlocked/ws/rapd/src/tests/run.php on line 21
[04-Aug-2018 20:26:21 UTC] PHP Notice:  Undefined variable: testsToRun in /home/splitlocked/ws/rapd/src/tests/run.php on line 21
[04-Aug-2018 20:26:21 UTC] PHP Warning:  array_merge(): Argument #1 is not an array in /home/splitlocked/ws/rapd/src/tests/run.php on line 21
[04-Aug-2018 20:26:21 UTC] PHP Warning:  Invalid argument supplied for foreach() in /home/splitlocked/ws/rapd/src/tests/run.php on line 27
[04-Aug-2018 20:26:26 UTC] PHP Parse error:  syntax error, unexpected ';' in /home/splitlocked/ws/rapd/src/Rapd/BaseEntity.php on line 69
[04-Aug-2018 20:26:36 UTC] PHP Parse error:  syntax error, unexpected ';' in /home/splitlocked/ws/rapd/src/Rapd/BaseEntity.php on line 69
[04-Aug-2018 20:33:30 UTC] PHP Parse error:  syntax error, unexpected ';' in /home/splitlocked/ws/rapd/src/Rapd/BaseEntity.php on line 69
[04-Aug-2018 20:33:54 UTC] PHP Parse error:  syntax error, unexpected ';' in /home/splitlocked/ws/rapd/src/Rapd/BaseEntity.php on line 69
